  Assembling FP_loop_test.asm...
FP_loop_test.asm(4): error A2013: .MODEL must precede this directive
FP_loop_test.asm(6): error A2034: must be in segment block
FP_loop_test.asm(7): error A2034: must be in segment block
FP_loop_test.asm(10): error A2013: .MODEL must precede this directive
FP_loop_test.asm(12): error A2034: must be in segment block : run_fpu
FP_loop_test.asm(13): error A2034: must be in segment block
FP_loop_test.asm(14): error A2034: must be in segment block
FP_loop_test.asm(16): error A2034: must be in segment block
FP_loop_test.asm(17): error A2034: must be in segment block
FP_loop_test.asm(18): error A2034: must be in segment block
FP_loop_test.asm(19): error A2034: must be in segment block
FP_loop_test.asm(21): error A2034: must be in segment block
FP_loop_test.asm(22): error A2034: must be in segment block
FP_loop_test.asm(24): error A2034: must be in segment block
FP_loop_test.asm(25): error A2034: must be in segment block
FP_loop_test.asm(26): fatal error A1010: unmatched block nesting : run_fpu
C:\Program Files (x86)\Microsoft Visual Studio\2019\Community\MSBuild\Microsoft\VC\v160\BuildCustomizations\masm.targets(70,5): error MSB3721: The command "ml.exe /c /nologo /Zi /Fo"Debug\FP_loop_test.obj" /W3 /errorReport:prompt  /TaFP_loop_test.asm" exited with code 1.
